Start testing: Apr 21 20:26 India Standard Time
----------------------------------------------------------
1/3 Testing: lexer
1/3 Test: lexer
Command: "C:/Users/sirap/OneDrive/Documents/New project/tensoriit/build/test_lexer.exe"
Directory: C:/Users/sirap/OneDrive/Documents/New project/tensoriit/build
"lexer" start time: Apr 21 20:26 India Standard Time
Output:
----------------------------------------------------------
test_lexer passed
<end of output>
Test time =   0.11 sec
----------------------------------------------------------
Test Passed.
"lexer" end time: Apr 21 20:26 India Standard Time
"lexer" time elapsed: 00:00:00
----------------------------------------------------------

2/3 Testing: parser
2/3 Test: parser
Command: "C:/Users/sirap/OneDrive/Documents/New project/tensoriit/build/test_parser.exe"
Directory: C:/Users/sirap/OneDrive/Documents/New project/tensoriit/build
"parser" start time: Apr 21 20:26 India Standard Time
Output:
----------------------------------------------------------
test_parser passed
<end of output>
Test time =   0.08 sec
----------------------------------------------------------
Test Passed.
"parser" end time: Apr 21 20:26 India Standard Time
"parser" time elapsed: 00:00:00
----------------------------------------------------------

3/3 Testing: codegen
3/3 Test: codegen
Command: "C:/Users/sirap/OneDrive/Documents/New project/tensoriit/build/test_codegen.exe"
Directory: C:/Users/sirap/OneDrive/Documents/New project/tensoriit/build
"codegen" start time: Apr 21 20:26 India Standard Time
Output:
----------------------------------------------------------
test_codegen passed
<end of output>
Test time =   0.14 sec
----------------------------------------------------------
Test Passed.
"codegen" end time: Apr 21 20:26 India Standard Time
"codegen" time elapsed: 00:00:00
----------------------------------------------------------

End testing: Apr 21 20:26 India Standard Time
